{"/home/pedro/programacao/higherme-design-system/packages/react/src/components/Button.tsx": {"path":"/home/pedro/programacao/higherme-design-system/packages/react/src/components/Button.tsx","statementMap":{"0":{"start":{"line":1,"column":0},"end":{"line":1,"column":35}},"1":{"start":{"line":2,"column":0},"end":{"line":2,"column":35}},"2":{"start":{"line":4,"column":21},"end":{"line":72,"column":2}},"3":{"start":{"line":81,"column":13},"end":{"line":96,"column":2}},"4":{"start":{"line":82,"column":56},"end":{"line":82,"column":61}},"5":{"start":{"line":82,"column":65},"end":{"line":82,"column":69}},"6":{"start":{"line":83,"column":4},"end":{"line":94,"column":6}},"7":{"start":{"line":98,"column":13},"end":{"line":110,"column":3}}},"fnMap":{"0":{"name":"(anonymous_1)","decl":{"start":{"line":82,"column":2},"end":{"line":82,"column":3}},"loc":{"start":{"line":82,"column":76},"end":{"line":95,"column":3}}}},"branchMap":{"0":{"loc":{"start":{"line":82,"column":21},"end":{"line":82,"column":40}},"type":"default-arg","locations":[{"start":{"line":82,"column":31},"end":{"line":82,"column":40}}]}},"s":{"0":1,"1":1,"2":1,"3":1,"4":7,"5":7,"6":7,"7":1},"f":{"0":7},"b":{"0":[0]}}
,"/home/pedro/programacao/higherme-design-system/packages/react/src/components/Drawer.tsx": {"path":"/home/pedro/programacao/higherme-design-system/packages/react/src/components/Drawer.tsx","statementMap":{"0":{"start":{"line":1,"column":0},"end":{"line":1,"column":54}},"1":{"start":{"line":2,"column":0},"end":{"line":2,"column":35}},"2":{"start":{"line":3,"column":0},"end":{"line":3,"column":38}},"3":{"start":{"line":4,"column":0},"end":{"line":4,"column":41}},"4":{"start":{"line":5,"column":0},"end":{"line":5,"column":42}},"5":{"start":{"line":14,"column":22},"end":{"line":38,"column":1}},"6":{"start":{"line":20,"column":2},"end":{"line":37,"column":4}},"7":{"start":{"line":14,"column":13},"end":{"line":14,"column":22}},"8":{"start":{"line":40,"column":28},"end":{"line":50,"column":2}},"9":{"start":{"line":52,"column":28},"end":{"line":64,"column":2}},"10":{"start":{"line":65,"column":30},"end":{"line":70,"column":2}},"11":{"start":{"line":71,"column":25},"end":{"line":75,"column":2}},"12":{"start":{"line":77,"column":27},"end":{"line":83,"column":2}}},"fnMap":{"0":{"name":"(anonymous_6)","decl":{"start":{"line":14,"column":22},"end":{"line":14,"column":23}},"loc":{"start":{"line":19,"column":18},"end":{"line":38,"column":1}}}},"branchMap":{"0":{"loc":{"start":{"line":15,"column":2},"end":{"line":15,"column":20}},"type":"default-arg","locations":[{"start":{"line":15,"column":13},"end":{"line":15,"column":20}}]}},"s":{"0":1,"1":1,"2":1,"3":1,"4":1,"5":1,"6":3,"7":1,"8":1,"9":1,"10":1,"11":1,"12":1},"f":{"0":3},"b":{"0":[2]}}
,"/home/pedro/programacao/higherme-design-system/packages/react/src/components/Typography.tsx": {"path":"/home/pedro/programacao/higherme-design-system/packages/react/src/components/Typography.tsx","statementMap":{"0":{"start":{"line":1,"column":0},"end":{"line":1,"column":35}},"1":{"start":{"line":3,"column":30},"end":{"line":6,"column":2}},"2":{"start":{"line":8,"column":29},"end":{"line":11,"column":2}},"3":{"start":{"line":13,"column":18},"end":{"line":22,"column":null}},"4":{"start":{"line":25,"column":17},"end":{"line":34,"column":null}},"5":{"start":{"line":37,"column":20},"end":{"line":46,"column":null}},"6":{"start":{"line":49,"column":19},"end":{"line":57,"column":null}},"7":{"start":{"line":60,"column":18},"end":{"line":69,"column":null}},"8":{"start":{"line":72,"column":17},"end":{"line":81,"column":null}},"9":{"start":{"line":84,"column":17},"end":{"line":93,"column":null}},"10":{"start":{"line":96,"column":17},"end":{"line":106,"column":null}},"11":{"start":{"line":109,"column":20},"end":{"line":118,"column":null}},"12":{"start":{"line":121,"column":13},"end":{"line":131,"column":2}}},"fnMap":{},"branchMap":{},"s":{"0":1,"1":1,"2":1,"3":1,"4":1,"5":1,"6":1,"7":1,"8":1,"9":1,"10":1,"11":1,"12":1},"f":{},"b":{}}
}
