TN:
SF:src/components/Button.tsx
FN:82,(anonymous_1)
FNF:1
FNH:1
FNDA:7,(anonymous_1)
DA:1,1
DA:2,1
DA:4,1
DA:81,1
DA:82,7
DA:83,7
DA:98,1
LF:7
LH:7
BRDA:82,0,0,0
BRF:1
BRH:0
end_of_record
TN:
SF:src/components/Drawer.tsx
FN:14,(anonymous_6)
FNF:1
FNH:1
FNDA:3,(anonymous_6)
DA:1,1
DA:2,1
DA:3,1
DA:4,1
DA:5,1
DA:14,1
DA:20,3
DA:40,1
DA:52,1
DA:65,1
DA:71,1
DA:77,1
LF:12
LH:12
BRDA:15,0,0,2
BRF:1
BRH:1
end_of_record
TN:
SF:src/components/Typography.tsx
FNF:0
FNH:0
DA:1,1
DA:3,1
DA:8,1
DA:13,1
DA:25,1
DA:37,1
DA:49,1
DA:60,1
DA:72,1
DA:84,1
DA:96,1
DA:109,1
DA:121,1
LF:13
LH:13
BRF:0
BRH:0
end_of_record
